INFO 2024-04-04 20:53:14,076 views   
INFO 2024-04-04 20:56:36,098 views    увап 
INFO 2024-04-04 20:57:08,433 views   Перешли а главную страницу 
INFO 2024-04-04 20:59:08,950 views   Перешли а главную страницу 
INFO 2024-04-04 21:01:45,407 views  Перешли на страницу обо мне 
INFO 2024-04-08 21:50:21,798 views   Перешли на главную страницу 
INFO 2024-04-08 21:50:27,066 views  Заполняем таблицу клиентов
INFO 2024-04-08 21:51:14,219 views  Заполняем таблицу клиентов
INFO 2024-04-08 21:51:23,495 views  Заполняем таблицу клиентов
INFO 2024-04-08 21:51:24,114 views  Заполняем таблицу клиентов
INFO 2024-04-08 21:51:24,651 views  Заполняем таблицу клиентов
INFO 2024-04-08 21:51:25,166 views  Заполняем таблицу клиентов
INFO 2024-04-08 21:52:33,786 views  Заполняем таблицу клиентов
INFO 2024-04-08 21:52:36,463 views  Заполняем таблицу клиентов
INFO 2024-04-08 21:52:54,855 views  Заполняем таблицу клиентов
INFO 2024-04-08 21:52:56,196 views  Заполняем таблицу клиентов
INFO 2024-04-08 21:53:20,973 views  Заполняем таблицу клиентов
INFO 2024-04-08 21:57:54,544 views  Заполняем таблицу продуктов
INFO 2024-04-08 21:58:35,017 views  Заполняем таблицу продуктов
INFO 2024-04-08 21:58:46,292 views  Заполняем таблицу продуктов
INFO 2024-04-08 21:58:48,963 views  Заполняем таблицу продуктов
INFO 2024-04-08 21:58:49,747 views  Заполняем таблицу продуктов
INFO 2024-04-08 21:58:50,515 views  Заполняем таблицу продуктов
INFO 2024-04-08 21:58:51,282 views  Заполняем таблицу продуктов
INFO 2024-04-08 21:59:00,793 views  Заполняем таблицу продуктов
INFO 2024-04-08 21:59:25,348 views  Заполняем таблицу продуктов
INFO 2024-04-08 22:00:32,782 views  Заполняем таблицу продуктов
INFO 2024-04-08 22:01:12,337 views  Заполняем таблицу продуктов
INFO 2024-04-08 22:01:13,649 views  Заполняем таблицу продуктов
INFO 2024-04-08 22:01:14,274 views  Заполняем таблицу продуктов
INFO 2024-04-08 22:01:15,002 views  Заполняем таблицу продуктов
INFO 2024-04-08 22:02:08,435 views  Заполняем таблицу продуктов
INFO 2024-04-08 22:02:50,738 views  Заполняем таблицу продуктов
INFO 2024-04-08 22:03:21,204 views  Заполняем таблицу продуктов
INFO 2024-04-10 20:27:51,194 views   Перешли на главную страницу 
INFO 2024-04-10 20:38:01,751 views   Перешли на главную страницу 
INFO 2024-04-10 20:38:08,167 views  Заполняем таблицу продуктов
INFO 2024-04-10 20:39:10,938 views  Заполняем таблицу продуктов
INFO 2024-04-10 20:39:11,733 views  Заполняем таблицу продуктов
INFO 2024-04-10 20:39:12,532 views  Заполняем таблицу продуктов
INFO 2024-04-10 20:39:46,191 views  Заполняем таблицу продуктов
INFO 2024-04-10 20:40:48,568 views  Заполняем таблицу продуктов
INFO 2024-04-10 20:41:05,920 views  Заполняем таблицу продуктов
INFO 2024-04-10 20:41:06,810 views  Заполняем таблицу продуктов
INFO 2024-04-10 20:41:54,285 views  Заполняем таблицу продуктов
INFO 2024-04-10 20:42:16,655 views  Заполняем таблицу продуктов
INFO 2024-04-10 20:42:27,869 views  Заполняем таблицу продуктов
INFO 2024-04-10 20:42:40,565 views  Заполняем таблицу продуктов
INFO 2024-04-10 20:42:55,259 views  Заполняем таблицу продуктов
INFO 2024-04-10 20:42:58,504 views  Заполняем таблицу продуктов
INFO 2024-04-10 20:43:21,247 views  Заполняем таблицу продуктов
INFO 2024-04-10 20:43:41,219 views  Заполняем таблицу продуктов
INFO 2024-04-10 20:43:42,571 views  Заполняем таблицу продуктов
INFO 2024-04-10 20:44:49,176 views  Заполняем таблицу продуктов
INFO 2024-04-10 20:45:00,798 views  Заполняем таблицу продуктов
INFO 2024-04-10 20:45:50,725 views  Заполняем таблицу продуктов
INFO 2024-04-10 20:45:51,732 views  Заполняем таблицу продуктов
INFO 2024-04-10 20:46:48,158 views  Заполняем таблицу продуктов
INFO 2024-04-10 20:48:22,157 views  Заполняем таблицу продуктов
INFO 2024-04-10 20:48:22,960 views  Заполняем таблицу продуктов
INFO 2024-04-10 20:48:36,115 views  Заполняем таблицу продуктов
INFO 2024-04-10 20:48:36,877 views  Заполняем таблицу продуктов
INFO 2024-04-10 20:50:31,892 views  Заполняем таблицу продуктов
INFO 2024-04-10 20:52:54,147 views  Заполняем таблицу продуктов
INFO 2024-04-10 20:53:24,566 views  Заполняем таблицу продуктов
INFO 2024-04-10 20:56:10,005 views  Заполняем таблицу продуктов
INFO 2024-04-10 20:56:11,919 views  Заполняем таблицу продуктов
INFO 2024-04-10 20:56:52,041 views  Заполняем таблицу продуктов
INFO 2024-04-10 20:57:07,856 views  Заполняем таблицу продуктов
INFO 2024-04-10 20:57:08,372 views  Заполняем таблицу продуктов
INFO 2024-04-10 20:57:22,128 views  Заполняем таблицу продуктов
INFO 2024-04-10 20:57:24,236 views  Заполняем таблицу продуктов
INFO 2024-04-10 20:57:29,398 views  Заполняем таблицу продуктов
INFO 2024-04-10 20:58:29,890 views  Заполняем таблицу продуктов
INFO 2024-04-10 20:59:15,278 views  Заполняем таблицу продуктов
INFO 2024-04-10 21:00:09,725 views  Заполняем таблицу продуктов
INFO 2024-04-10 21:02:16,174 views  Заполняем таблицу продуктов
INFO 2024-04-10 21:02:17,195 views  Заполняем таблицу продуктов
INFO 2024-04-10 21:02:18,044 views  Заполняем таблицу продуктов
INFO 2024-04-10 21:03:51,584 views  Заполняем таблицу клиентов
INFO 2024-04-10 21:04:19,281 views  Заполняем таблицу клиентов
INFO 2024-04-10 21:04:22,323 views  Заполняем таблицу клиентов
INFO 2024-04-10 21:04:44,474 views  Заполняем таблицу клиентов
INFO 2024-04-10 21:56:46,483 views   Перешли на главную страницу 
INFO 2024-04-11 22:54:28,729 views   Перешли на главную страницу 
INFO 2024-04-11 22:55:31,018 views  Заполняем таблицу продуктов
INFO 2024-04-11 22:57:41,054 views   Перешли на главную страницу 
INFO 2024-04-11 22:57:53,696 views  Заполняем таблицу продуктов
INFO 2024-04-11 22:58:10,070 views  Заполняем таблицу продуктов
INFO 2024-04-11 23:10:05,525 views   Перешли на главную страницу 
